<?xml version="1.0" encoding="UTF-8" ?>
<testsuites name="vitest tests" tests="4" failures="0" errors="0" time="16.933528558">
    <testsuite name="src/presentation/http/controller/investor/authenticate-investor.controller.e2e.spec.ts" timestamp="2025-09-20T11:24:48.896Z" hostname="LAPTOP-8A33DPQ3" tests="1" failures="0" errors="0" skipped="0" time="4.267449423">
        <testcase classname="E2E Tests" name="Auth Investor (E2E) &gt; [POST] /investor/auth" time="0.527155837">
            <system-out>
prisma:query INSERT INTO &quot;fef3d0e0-3883-4907-8525-4de62cf4be34&quot;.&quot;investors&quot; (&quot;id&quot;,&quot;email&quot;,&quot;name&quot;,&quot;cpf&quot;,&quot;password&quot;,&quot;date_of_birth&quot;,&quot;risk_profile&quot;,&quot;created_at&quot;,&quot;updated_at&quot;,&quot;is_active&quot;) VALUES ($1,$2,$3,$4,$5,$6,CAST($7::text AS &quot;fef3d0e0-3883-4907-8525-4de62cf4be34&quot;.&quot;InvestorProfile&quot;),$8,$9,$10) RETURNING &quot;fef3d0e0-3883-4907-8525-4de62cf4be34&quot;.&quot;investors&quot;.&quot;id&quot;, &quot;fef3d0e0-3883-4907-8525-4de62cf4be34&quot;.&quot;investors&quot;.&quot;email&quot;, &quot;fef3d0e0-3883-4907-8525-4de62cf4be34&quot;.&quot;investors&quot;.&quot;name&quot;, &quot;fef3d0e0-3883-4907-8525-4de62cf4be34&quot;.&quot;investors&quot;.&quot;cpf&quot;, &quot;fef3d0e0-3883-4907-8525-4de62cf4be34&quot;.&quot;investors&quot;.&quot;password&quot;, &quot;fef3d0e0-3883-4907-8525-4de62cf4be34&quot;.&quot;investors&quot;.&quot;date_of_birth&quot;, &quot;fef3d0e0-3883-4907-8525-4de62cf4be34&quot;.&quot;investors&quot;.&quot;risk_profile&quot;::text, &quot;fef3d0e0-3883-4907-8525-4de62cf4be34&quot;.&quot;investors&quot;.&quot;created_at&quot;, &quot;fef3d0e0-3883-4907-8525-4de62cf4be34&quot;.&quot;investors&quot;.&quot;updated_at&quot;, &quot;fef3d0e0-3883-4907-8525-4de62cf4be34&quot;.&quot;investors&quot;.&quot;is_active&quot;

prisma:query SELECT &quot;fef3d0e0-3883-4907-8525-4de62cf4be34&quot;.&quot;investors&quot;.&quot;id&quot;, &quot;fef3d0e0-3883-4907-8525-4de62cf4be34&quot;.&quot;investors&quot;.&quot;email&quot;, &quot;fef3d0e0-3883-4907-8525-4de62cf4be34&quot;.&quot;investors&quot;.&quot;name&quot;, &quot;fef3d0e0-3883-4907-8525-4de62cf4be34&quot;.&quot;investors&quot;.&quot;cpf&quot;, &quot;fef3d0e0-3883-4907-8525-4de62cf4be34&quot;.&quot;investors&quot;.&quot;password&quot;, &quot;fef3d0e0-3883-4907-8525-4de62cf4be34&quot;.&quot;investors&quot;.&quot;date_of_birth&quot;, &quot;fef3d0e0-3883-4907-8525-4de62cf4be34&quot;.&quot;investors&quot;.&quot;risk_profile&quot;::text, &quot;fef3d0e0-3883-4907-8525-4de62cf4be34&quot;.&quot;investors&quot;.&quot;created_at&quot;, &quot;fef3d0e0-3883-4907-8525-4de62cf4be34&quot;.&quot;investors&quot;.&quot;updated_at&quot;, &quot;fef3d0e0-3883-4907-8525-4de62cf4be34&quot;.&quot;investors&quot;.&quot;is_active&quot; FROM &quot;fef3d0e0-3883-4907-8525-4de62cf4be34&quot;.&quot;investors&quot; WHERE (&quot;fef3d0e0-3883-4907-8525-4de62cf4be34&quot;.&quot;investors&quot;.&quot;email&quot; = $1 AND 1=1) LIMIT $2 OFFSET $3

            </system-out>
        </testcase>
    </testsuite>
    <testsuite name="src/presentation/http/controller/investor/deactivate-investor.controller.e2e.spec.ts" timestamp="2025-09-20T11:24:48.902Z" hostname="LAPTOP-8A33DPQ3" tests="1" failures="0" errors="0" skipped="0" time="4.32347903">
        <testcase classname="E2E Tests" name="Deactivate Investor (E2E) &gt; [PATCH] /investor/:id/desactive" time="0.523221603">
            <system-out>
prisma:query INSERT INTO &quot;b383fcde-f23b-4a9a-9a39-984569b3159c&quot;.&quot;investors&quot; (&quot;id&quot;,&quot;email&quot;,&quot;name&quot;,&quot;cpf&quot;,&quot;password&quot;,&quot;date_of_birth&quot;,&quot;risk_profile&quot;,&quot;created_at&quot;,&quot;updated_at&quot;,&quot;is_active&quot;) VALUES ($1,$2,$3,$4,$5,$6,CAST($7::text AS &quot;b383fcde-f23b-4a9a-9a39-984569b3159c&quot;.&quot;InvestorProfile&quot;),$8,$9,$10) RETURNING &quot;b383fcde-f23b-4a9a-9a39-984569b3159c&quot;.&quot;investors&quot;.&quot;id&quot;, &quot;b383fcde-f23b-4a9a-9a39-984569b3159c&quot;.&quot;investors&quot;.&quot;email&quot;, &quot;b383fcde-f23b-4a9a-9a39-984569b3159c&quot;.&quot;investors&quot;.&quot;name&quot;, &quot;b383fcde-f23b-4a9a-9a39-984569b3159c&quot;.&quot;investors&quot;.&quot;cpf&quot;, &quot;b383fcde-f23b-4a9a-9a39-984569b3159c&quot;.&quot;investors&quot;.&quot;password&quot;, &quot;b383fcde-f23b-4a9a-9a39-984569b3159c&quot;.&quot;investors&quot;.&quot;date_of_birth&quot;, &quot;b383fcde-f23b-4a9a-9a39-984569b3159c&quot;.&quot;investors&quot;.&quot;risk_profile&quot;::text, &quot;b383fcde-f23b-4a9a-9a39-984569b3159c&quot;.&quot;investors&quot;.&quot;created_at&quot;, &quot;b383fcde-f23b-4a9a-9a39-984569b3159c&quot;.&quot;investors&quot;.&quot;updated_at&quot;, &quot;b383fcde-f23b-4a9a-9a39-984569b3159c&quot;.&quot;investors&quot;.&quot;is_active&quot;

prisma:query SELECT &quot;b383fcde-f23b-4a9a-9a39-984569b3159c&quot;.&quot;investors&quot;.&quot;id&quot;, &quot;b383fcde-f23b-4a9a-9a39-984569b3159c&quot;.&quot;investors&quot;.&quot;email&quot;, &quot;b383fcde-f23b-4a9a-9a39-984569b3159c&quot;.&quot;investors&quot;.&quot;name&quot;, &quot;b383fcde-f23b-4a9a-9a39-984569b3159c&quot;.&quot;investors&quot;.&quot;cpf&quot;, &quot;b383fcde-f23b-4a9a-9a39-984569b3159c&quot;.&quot;investors&quot;.&quot;password&quot;, &quot;b383fcde-f23b-4a9a-9a39-984569b3159c&quot;.&quot;investors&quot;.&quot;date_of_birth&quot;, &quot;b383fcde-f23b-4a9a-9a39-984569b3159c&quot;.&quot;investors&quot;.&quot;risk_profile&quot;::text, &quot;b383fcde-f23b-4a9a-9a39-984569b3159c&quot;.&quot;investors&quot;.&quot;created_at&quot;, &quot;b383fcde-f23b-4a9a-9a39-984569b3159c&quot;.&quot;investors&quot;.&quot;updated_at&quot;, &quot;b383fcde-f23b-4a9a-9a39-984569b3159c&quot;.&quot;investors&quot;.&quot;is_active&quot; FROM &quot;b383fcde-f23b-4a9a-9a39-984569b3159c&quot;.&quot;investors&quot; WHERE (&quot;b383fcde-f23b-4a9a-9a39-984569b3159c&quot;.&quot;investors&quot;.&quot;id&quot; = $1 AND 1=1) LIMIT $2 OFFSET $3

prisma:query UPDATE &quot;b383fcde-f23b-4a9a-9a39-984569b3159c&quot;.&quot;investors&quot; SET &quot;id&quot; = $1, &quot;name&quot; = $2, &quot;email&quot; = $3, &quot;cpf&quot; = $4, &quot;password&quot; = $5, &quot;date_of_birth&quot; = $6, &quot;risk_profile&quot; = CAST($7::text AS &quot;b383fcde-f23b-4a9a-9a39-984569b3159c&quot;.&quot;InvestorProfile&quot;), &quot;is_active&quot; = $8, &quot;created_at&quot; = $9, &quot;updated_at&quot; = $10 WHERE (&quot;b383fcde-f23b-4a9a-9a39-984569b3159c&quot;.&quot;investors&quot;.&quot;id&quot; = $11 AND 1=1) RETURNING &quot;b383fcde-f23b-4a9a-9a39-984569b3159c&quot;.&quot;investors&quot;.&quot;id&quot;, &quot;b383fcde-f23b-4a9a-9a39-984569b3159c&quot;.&quot;investors&quot;.&quot;email&quot;, &quot;b383fcde-f23b-4a9a-9a39-984569b3159c&quot;.&quot;investors&quot;.&quot;name&quot;, &quot;b383fcde-f23b-4a9a-9a39-984569b3159c&quot;.&quot;investors&quot;.&quot;cpf&quot;, &quot;b383fcde-f23b-4a9a-9a39-984569b3159c&quot;.&quot;investors&quot;.&quot;password&quot;, &quot;b383fcde-f23b-4a9a-9a39-984569b3159c&quot;.&quot;investors&quot;.&quot;date_of_birth&quot;, &quot;b383fcde-f23b-4a9a-9a39-984569b3159c&quot;.&quot;investors&quot;.&quot;risk_profile&quot;::text, &quot;b383fcde-f23b-4a9a-9a39-984569b3159c&quot;.&quot;investors&quot;.&quot;created_at&quot;, &quot;b383fcde-f23b-4a9a-9a39-984569b3159c&quot;.&quot;investors&quot;.&quot;updated_at&quot;, &quot;b383fcde-f23b-4a9a-9a39-984569b3159c&quot;.&quot;investors&quot;.&quot;is_active&quot;

prisma:query SELECT &quot;b383fcde-f23b-4a9a-9a39-984569b3159c&quot;.&quot;investors&quot;.&quot;id&quot;, &quot;b383fcde-f23b-4a9a-9a39-984569b3159c&quot;.&quot;investors&quot;.&quot;email&quot;, &quot;b383fcde-f23b-4a9a-9a39-984569b3159c&quot;.&quot;investors&quot;.&quot;name&quot;, &quot;b383fcde-f23b-4a9a-9a39-984569b3159c&quot;.&quot;investors&quot;.&quot;cpf&quot;, &quot;b383fcde-f23b-4a9a-9a39-984569b3159c&quot;.&quot;investors&quot;.&quot;password&quot;, &quot;b383fcde-f23b-4a9a-9a39-984569b3159c&quot;.&quot;investors&quot;.&quot;date_of_birth&quot;, &quot;b383fcde-f23b-4a9a-9a39-984569b3159c&quot;.&quot;investors&quot;.&quot;risk_profile&quot;::text, &quot;b383fcde-f23b-4a9a-9a39-984569b3159c&quot;.&quot;investors&quot;.&quot;created_at&quot;, &quot;b383fcde-f23b-4a9a-9a39-984569b3159c&quot;.&quot;investors&quot;.&quot;updated_at&quot;, &quot;b383fcde-f23b-4a9a-9a39-984569b3159c&quot;.&quot;investors&quot;.&quot;is_active&quot; FROM &quot;b383fcde-f23b-4a9a-9a39-984569b3159c&quot;.&quot;investors&quot; WHERE (&quot;b383fcde-f23b-4a9a-9a39-984569b3159c&quot;.&quot;investors&quot;.&quot;email&quot; = $1 AND 1=1) LIMIT $2 OFFSET $3

            </system-out>
        </testcase>
    </testsuite>
    <testsuite name="src/presentation/http/controller/investor/register-investor.controller.e2e.spec.ts" timestamp="2025-09-20T11:24:48.908Z" hostname="LAPTOP-8A33DPQ3" tests="1" failures="0" errors="0" skipped="0" time="4.207356093">
        <testcase classname="E2E Tests" name="Register Investor (E2E) &gt; [POST] /investor" time="0.514163315">
            <system-out>
prisma:query SELECT &quot;a2d81f41-fad3-452b-ba25-8bd3807a123e&quot;.&quot;investors&quot;.&quot;id&quot;, &quot;a2d81f41-fad3-452b-ba25-8bd3807a123e&quot;.&quot;investors&quot;.&quot;email&quot;, &quot;a2d81f41-fad3-452b-ba25-8bd3807a123e&quot;.&quot;investors&quot;.&quot;name&quot;, &quot;a2d81f41-fad3-452b-ba25-8bd3807a123e&quot;.&quot;investors&quot;.&quot;cpf&quot;, &quot;a2d81f41-fad3-452b-ba25-8bd3807a123e&quot;.&quot;investors&quot;.&quot;password&quot;, &quot;a2d81f41-fad3-452b-ba25-8bd3807a123e&quot;.&quot;investors&quot;.&quot;date_of_birth&quot;, &quot;a2d81f41-fad3-452b-ba25-8bd3807a123e&quot;.&quot;investors&quot;.&quot;risk_profile&quot;::text, &quot;a2d81f41-fad3-452b-ba25-8bd3807a123e&quot;.&quot;investors&quot;.&quot;created_at&quot;, &quot;a2d81f41-fad3-452b-ba25-8bd3807a123e&quot;.&quot;investors&quot;.&quot;updated_at&quot;, &quot;a2d81f41-fad3-452b-ba25-8bd3807a123e&quot;.&quot;investors&quot;.&quot;is_active&quot; FROM &quot;a2d81f41-fad3-452b-ba25-8bd3807a123e&quot;.&quot;investors&quot; WHERE (&quot;a2d81f41-fad3-452b-ba25-8bd3807a123e&quot;.&quot;investors&quot;.&quot;email&quot; = $1 AND 1=1) LIMIT $2 OFFSET $3

prisma:query SELECT &quot;a2d81f41-fad3-452b-ba25-8bd3807a123e&quot;.&quot;investors&quot;.&quot;id&quot;, &quot;a2d81f41-fad3-452b-ba25-8bd3807a123e&quot;.&quot;investors&quot;.&quot;email&quot;, &quot;a2d81f41-fad3-452b-ba25-8bd3807a123e&quot;.&quot;investors&quot;.&quot;name&quot;, &quot;a2d81f41-fad3-452b-ba25-8bd3807a123e&quot;.&quot;investors&quot;.&quot;cpf&quot;, &quot;a2d81f41-fad3-452b-ba25-8bd3807a123e&quot;.&quot;investors&quot;.&quot;password&quot;, &quot;a2d81f41-fad3-452b-ba25-8bd3807a123e&quot;.&quot;investors&quot;.&quot;date_of_birth&quot;, &quot;a2d81f41-fad3-452b-ba25-8bd3807a123e&quot;.&quot;investors&quot;.&quot;risk_profile&quot;::text, &quot;a2d81f41-fad3-452b-ba25-8bd3807a123e&quot;.&quot;investors&quot;.&quot;created_at&quot;, &quot;a2d81f41-fad3-452b-ba25-8bd3807a123e&quot;.&quot;investors&quot;.&quot;updated_at&quot;, &quot;a2d81f41-fad3-452b-ba25-8bd3807a123e&quot;.&quot;investors&quot;.&quot;is_active&quot; FROM &quot;a2d81f41-fad3-452b-ba25-8bd3807a123e&quot;.&quot;investors&quot; WHERE (&quot;a2d81f41-fad3-452b-ba25-8bd3807a123e&quot;.&quot;investors&quot;.&quot;cpf&quot; = $1 AND 1=1) LIMIT $2 OFFSET $3

prisma:query INSERT INTO &quot;a2d81f41-fad3-452b-ba25-8bd3807a123e&quot;.&quot;investors&quot; (&quot;id&quot;,&quot;email&quot;,&quot;name&quot;,&quot;cpf&quot;,&quot;password&quot;,&quot;date_of_birth&quot;,&quot;risk_profile&quot;,&quot;created_at&quot;,&quot;updated_at&quot;,&quot;is_active&quot;) VALUES ($1,$2,$3,$4,$5,$6,CAST($7::text AS &quot;a2d81f41-fad3-452b-ba25-8bd3807a123e&quot;.&quot;InvestorProfile&quot;),$8,$9,$10) RETURNING &quot;a2d81f41-fad3-452b-ba25-8bd3807a123e&quot;.&quot;investors&quot;.&quot;id&quot;, &quot;a2d81f41-fad3-452b-ba25-8bd3807a123e&quot;.&quot;investors&quot;.&quot;email&quot;, &quot;a2d81f41-fad3-452b-ba25-8bd3807a123e&quot;.&quot;investors&quot;.&quot;name&quot;, &quot;a2d81f41-fad3-452b-ba25-8bd3807a123e&quot;.&quot;investors&quot;.&quot;cpf&quot;, &quot;a2d81f41-fad3-452b-ba25-8bd3807a123e&quot;.&quot;investors&quot;.&quot;password&quot;, &quot;a2d81f41-fad3-452b-ba25-8bd3807a123e&quot;.&quot;investors&quot;.&quot;date_of_birth&quot;, &quot;a2d81f41-fad3-452b-ba25-8bd3807a123e&quot;.&quot;investors&quot;.&quot;risk_profile&quot;::text, &quot;a2d81f41-fad3-452b-ba25-8bd3807a123e&quot;.&quot;investors&quot;.&quot;created_at&quot;, &quot;a2d81f41-fad3-452b-ba25-8bd3807a123e&quot;.&quot;investors&quot;.&quot;updated_at&quot;, &quot;a2d81f41-fad3-452b-ba25-8bd3807a123e&quot;.&quot;investors&quot;.&quot;is_active&quot;

prisma:query SELECT &quot;a2d81f41-fad3-452b-ba25-8bd3807a123e&quot;.&quot;investors&quot;.&quot;id&quot;, &quot;a2d81f41-fad3-452b-ba25-8bd3807a123e&quot;.&quot;investors&quot;.&quot;email&quot;, &quot;a2d81f41-fad3-452b-ba25-8bd3807a123e&quot;.&quot;investors&quot;.&quot;name&quot;, &quot;a2d81f41-fad3-452b-ba25-8bd3807a123e&quot;.&quot;investors&quot;.&quot;cpf&quot;, &quot;a2d81f41-fad3-452b-ba25-8bd3807a123e&quot;.&quot;investors&quot;.&quot;password&quot;, &quot;a2d81f41-fad3-452b-ba25-8bd3807a123e&quot;.&quot;investors&quot;.&quot;date_of_birth&quot;, &quot;a2d81f41-fad3-452b-ba25-8bd3807a123e&quot;.&quot;investors&quot;.&quot;risk_profile&quot;::text, &quot;a2d81f41-fad3-452b-ba25-8bd3807a123e&quot;.&quot;investors&quot;.&quot;created_at&quot;, &quot;a2d81f41-fad3-452b-ba25-8bd3807a123e&quot;.&quot;investors&quot;.&quot;updated_at&quot;, &quot;a2d81f41-fad3-452b-ba25-8bd3807a123e&quot;.&quot;investors&quot;.&quot;is_active&quot; FROM &quot;a2d81f41-fad3-452b-ba25-8bd3807a123e&quot;.&quot;investors&quot; WHERE (&quot;a2d81f41-fad3-452b-ba25-8bd3807a123e&quot;.&quot;investors&quot;.&quot;email&quot; = $1 AND 1=1) LIMIT $2 OFFSET $3

            </system-out>
        </testcase>
    </testsuite>
    <testsuite name="src/presentation/http/controller/investor/update-investor.controller.e2e.spec.ts" timestamp="2025-09-20T11:24:48.912Z" hostname="LAPTOP-8A33DPQ3" tests="1" failures="0" errors="0" skipped="0" time="4.135244012">
        <testcase classname="E2E Tests" name="Update Investor (E2E) &gt; [PATCH] /investor/:id" time="0.4736208">
            <system-out>
prisma:query INSERT INTO &quot;863051c1-7293-40cd-9391-cd5c24a04fef&quot;.&quot;investors&quot; (&quot;id&quot;,&quot;email&quot;,&quot;name&quot;,&quot;cpf&quot;,&quot;password&quot;,&quot;date_of_birth&quot;,&quot;risk_profile&quot;,&quot;created_at&quot;,&quot;updated_at&quot;,&quot;is_active&quot;) VALUES ($1,$2,$3,$4,$5,$6,CAST($7::text AS &quot;863051c1-7293-40cd-9391-cd5c24a04fef&quot;.&quot;InvestorProfile&quot;),$8,$9,$10) RETURNING &quot;863051c1-7293-40cd-9391-cd5c24a04fef&quot;.&quot;investors&quot;.&quot;id&quot;, &quot;863051c1-7293-40cd-9391-cd5c24a04fef&quot;.&quot;investors&quot;.&quot;email&quot;, &quot;863051c1-7293-40cd-9391-cd5c24a04fef&quot;.&quot;investors&quot;.&quot;name&quot;, &quot;863051c1-7293-40cd-9391-cd5c24a04fef&quot;.&quot;investors&quot;.&quot;cpf&quot;, &quot;863051c1-7293-40cd-9391-cd5c24a04fef&quot;.&quot;investors&quot;.&quot;password&quot;, &quot;863051c1-7293-40cd-9391-cd5c24a04fef&quot;.&quot;investors&quot;.&quot;date_of_birth&quot;, &quot;863051c1-7293-40cd-9391-cd5c24a04fef&quot;.&quot;investors&quot;.&quot;risk_profile&quot;::text, &quot;863051c1-7293-40cd-9391-cd5c24a04fef&quot;.&quot;investors&quot;.&quot;created_at&quot;, &quot;863051c1-7293-40cd-9391-cd5c24a04fef&quot;.&quot;investors&quot;.&quot;updated_at&quot;, &quot;863051c1-7293-40cd-9391-cd5c24a04fef&quot;.&quot;investors&quot;.&quot;is_active&quot;

prisma:query SELECT &quot;863051c1-7293-40cd-9391-cd5c24a04fef&quot;.&quot;investors&quot;.&quot;id&quot;, &quot;863051c1-7293-40cd-9391-cd5c24a04fef&quot;.&quot;investors&quot;.&quot;email&quot;, &quot;863051c1-7293-40cd-9391-cd5c24a04fef&quot;.&quot;investors&quot;.&quot;name&quot;, &quot;863051c1-7293-40cd-9391-cd5c24a04fef&quot;.&quot;investors&quot;.&quot;cpf&quot;, &quot;863051c1-7293-40cd-9391-cd5c24a04fef&quot;.&quot;investors&quot;.&quot;password&quot;, &quot;863051c1-7293-40cd-9391-cd5c24a04fef&quot;.&quot;investors&quot;.&quot;date_of_birth&quot;, &quot;863051c1-7293-40cd-9391-cd5c24a04fef&quot;.&quot;investors&quot;.&quot;risk_profile&quot;::text, &quot;863051c1-7293-40cd-9391-cd5c24a04fef&quot;.&quot;investors&quot;.&quot;created_at&quot;, &quot;863051c1-7293-40cd-9391-cd5c24a04fef&quot;.&quot;investors&quot;.&quot;updated_at&quot;, &quot;863051c1-7293-40cd-9391-cd5c24a04fef&quot;.&quot;investors&quot;.&quot;is_active&quot; FROM &quot;863051c1-7293-40cd-9391-cd5c24a04fef&quot;.&quot;investors&quot; WHERE (&quot;863051c1-7293-40cd-9391-cd5c24a04fef&quot;.&quot;investors&quot;.&quot;id&quot; = $1 AND 1=1) LIMIT $2 OFFSET $3

prisma:query SELECT &quot;863051c1-7293-40cd-9391-cd5c24a04fef&quot;.&quot;investors&quot;.&quot;id&quot;, &quot;863051c1-7293-40cd-9391-cd5c24a04fef&quot;.&quot;investors&quot;.&quot;email&quot;, &quot;863051c1-7293-40cd-9391-cd5c24a04fef&quot;.&quot;investors&quot;.&quot;name&quot;, &quot;863051c1-7293-40cd-9391-cd5c24a04fef&quot;.&quot;investors&quot;.&quot;cpf&quot;, &quot;863051c1-7293-40cd-9391-cd5c24a04fef&quot;.&quot;investors&quot;.&quot;password&quot;, &quot;863051c1-7293-40cd-9391-cd5c24a04fef&quot;.&quot;investors&quot;.&quot;date_of_birth&quot;, &quot;863051c1-7293-40cd-9391-cd5c24a04fef&quot;.&quot;investors&quot;.&quot;risk_profile&quot;::text, &quot;863051c1-7293-40cd-9391-cd5c24a04fef&quot;.&quot;investors&quot;.&quot;created_at&quot;, &quot;863051c1-7293-40cd-9391-cd5c24a04fef&quot;.&quot;investors&quot;.&quot;updated_at&quot;, &quot;863051c1-7293-40cd-9391-cd5c24a04fef&quot;.&quot;investors&quot;.&quot;is_active&quot; FROM &quot;863051c1-7293-40cd-9391-cd5c24a04fef&quot;.&quot;investors&quot; WHERE (&quot;863051c1-7293-40cd-9391-cd5c24a04fef&quot;.&quot;investors&quot;.&quot;email&quot; = $1 AND 1=1) LIMIT $2 OFFSET $3

prisma:query UPDATE &quot;863051c1-7293-40cd-9391-cd5c24a04fef&quot;.&quot;investors&quot; SET &quot;id&quot; = $1, &quot;name&quot; = $2, &quot;email&quot; = $3, &quot;cpf&quot; = $4, &quot;password&quot; = $5, &quot;date_of_birth&quot; = $6, &quot;risk_profile&quot; = CAST($7::text AS &quot;863051c1-7293-40cd-9391-cd5c24a04fef&quot;.&quot;InvestorProfile&quot;), &quot;is_active&quot; = $8, &quot;created_at&quot; = $9, &quot;updated_at&quot; = $10 WHERE (&quot;863051c1-7293-40cd-9391-cd5c24a04fef&quot;.&quot;investors&quot;.&quot;id&quot; = $11 AND 1=1) RETURNING &quot;863051c1-7293-40cd-9391-cd5c24a04fef&quot;.&quot;investors&quot;.&quot;id&quot;, &quot;863051c1-7293-40cd-9391-cd5c24a04fef&quot;.&quot;investors&quot;.&quot;email&quot;, &quot;863051c1-7293-40cd-9391-cd5c24a04fef&quot;.&quot;investors&quot;.&quot;name&quot;, &quot;863051c1-7293-40cd-9391-cd5c24a04fef&quot;.&quot;investors&quot;.&quot;cpf&quot;, &quot;863051c1-7293-40cd-9391-cd5c24a04fef&quot;.&quot;investors&quot;.&quot;password&quot;, &quot;863051c1-7293-40cd-9391-cd5c24a04fef&quot;.&quot;investors&quot;.&quot;date_of_birth&quot;, &quot;863051c1-7293-40cd-9391-cd5c24a04fef&quot;.&quot;investors&quot;.&quot;risk_profile&quot;::text, &quot;863051c1-7293-40cd-9391-cd5c24a04fef&quot;.&quot;investors&quot;.&quot;created_at&quot;, &quot;863051c1-7293-40cd-9391-cd5c24a04fef&quot;.&quot;investors&quot;.&quot;updated_at&quot;, &quot;863051c1-7293-40cd-9391-cd5c24a04fef&quot;.&quot;investors&quot;.&quot;is_active&quot;

prisma:query SELECT &quot;863051c1-7293-40cd-9391-cd5c24a04fef&quot;.&quot;investors&quot;.&quot;id&quot;, &quot;863051c1-7293-40cd-9391-cd5c24a04fef&quot;.&quot;investors&quot;.&quot;email&quot;, &quot;863051c1-7293-40cd-9391-cd5c24a04fef&quot;.&quot;investors&quot;.&quot;name&quot;, &quot;863051c1-7293-40cd-9391-cd5c24a04fef&quot;.&quot;investors&quot;.&quot;cpf&quot;, &quot;863051c1-7293-40cd-9391-cd5c24a04fef&quot;.&quot;investors&quot;.&quot;password&quot;, &quot;863051c1-7293-40cd-9391-cd5c24a04fef&quot;.&quot;investors&quot;.&quot;date_of_birth&quot;, &quot;863051c1-7293-40cd-9391-cd5c24a04fef&quot;.&quot;investors&quot;.&quot;risk_profile&quot;::text, &quot;863051c1-7293-40cd-9391-cd5c24a04fef&quot;.&quot;investors&quot;.&quot;created_at&quot;, &quot;863051c1-7293-40cd-9391-cd5c24a04fef&quot;.&quot;investors&quot;.&quot;updated_at&quot;, &quot;863051c1-7293-40cd-9391-cd5c24a04fef&quot;.&quot;investors&quot;.&quot;is_active&quot; FROM &quot;863051c1-7293-40cd-9391-cd5c24a04fef&quot;.&quot;investors&quot; WHERE (&quot;863051c1-7293-40cd-9391-cd5c24a04fef&quot;.&quot;investors&quot;.&quot;email&quot; = $1 AND &quot;863051c1-7293-40cd-9391-cd5c24a04fef&quot;.&quot;investors&quot;.&quot;name&quot; = $2) LIMIT $3 OFFSET $4

            </system-out>
        </testcase>
    </testsuite>
</testsuites>
